{
  "RSpec": {
    "coverage": {
      "/Users/jose/Documents/GitHub/ih/chr-rspec-training/spec/user_spec.rb": {
        "lines": [
          1,
          1,
          null,
          1,
          8,
          7,
          6,
          8,
          5,
          null,
          1,
          5,
          null,
          2,
          null,
          1,
          1,
          null,
          2,
          null,
          null,
          1,
          2,
          null,
          2,
          null,
          null,
          1,
          2,
          null,
          2,
          null,
          null,
          null,
          1,
          4,
          null,
          1,
          1,
          null,
          2,
          null,
          null,
          1,
          2,
          null,
          2,
          null,
          null,
          1,
          2,
          null,
          2,
          null,
          null,
          null
        ]
      },
      "/Users/jose/Documents/GitHub/ih/chr-rspec-training/user.rb": {
        "lines": [
          1,
          1,
          1,
          0,
          null,
          null,
          null,
          null,
          1,
          null,
          1,
          1,
          null,
          1,
          4,
          null,
          null,
          1,
          3,
          null,
          null
        ]
      },
      "/Users/jose/Documents/GitHub/ih/chr-rspec-training/spec/factories/user.rb": {
        "lines": [
          1,
          1,
          1,
          1,
          1,
          1,
          null,
          null
        ]
      }
    },
    "timestamp": 1663513373
  }
}
